# JRE version: Java(TM) SE Runtime Environment (8.0_101-b13) (build 1.8.0_101-b13)
# Java VM: Java HotSpot(TM) 64-Bit Server VM (25.101-b13 mixed mode bsd-amd64 compressed oops)
Heap:
 PSYoungGen      total 649216K, used 607345K [0x0000000795580000, 0x00000007bf980000, 0x00000007c0000000)
  eden space 648704K, 93% used [0x0000000795580000,0x00000007ba684740,0x00000007bcf00000)
  from space 512K, 18% used [0x00000007bf900000,0x00000007bf918000,0x00000007bf980000)
  to   space 7168K, 0% used [0x00000007beb80000,0x00000007beb80000,0x00000007bf280000)
 ParOldGen       total 87552K, used 4620K [0x0000000740000000, 0x0000000745580000, 0x0000000795580000)
  object space 87552K, 5% used [0x0000000740000000,0x0000000740483140,0x0000000745580000)
 Metaspace       used 10141K, capacity 10306K, committed 10496K, reserved 1058816K
  class space    used 1149K, capacity 1215K, committed 1280K, reserved 1048576K
GC Heap History (10 events):
Event: 2.030 GC heap before
{Heap before GC invocations=10 (full 0):
 PSYoungGen      total 272384K, used 265792K [0x0000000795580000, 0x00000007b0300000, 0x00000007c0000000)
  eden space 265728K, 100% used [0x0000000795580000,0x00000007a5900000,0x00000007a5900000)
  from space 6656K, 0% used [0x00000007a5900000,0x00000007a5910000,0x00000007a5f80000)
  to   space 7168K, 0% used [0x00000007afc00000,0x00000007afc00000,0x00000007b0300000)
 ParOldGen       total 87552K, used 4548K [0x0000000740000000, 0x0000000745580000, 0x0000000795580000)
  object space 87552K, 5% used [0x0000000740000000,0x0000000740471140,0x0000000745580000)
 Metaspace       used 8444K, capacity 8546K, committed 8704K, reserved 1056768K
  class space    used 963K, capacity 1013K, committed 1024K, reserved 1048576K
Event: 2.031 GC heap after
Heap after GC invocations=10 (full 0):
 PSYoungGen      total 432640K, used 96K [0x0000000795580000, 0x00000007b0300000, 0x00000007c0000000)
  eden space 425472K, 0% used [0x0000000795580000,0x0000000795580000,0x00000007af500000)
  from space 7168K, 1% used [0x00000007afc00000,0x00000007afc18000,0x00000007b0300000)
  to   space 7168K, 0% used [0x00000007af500000,0x00000007af500000,0x00000007afc00000)
 ParOldGen       total 87552K, used 4556K [0x0000000740000000, 0x0000000745580000, 0x0000000795580000)
  object space 87552K, 5% used [0x0000000740000000,0x0000000740473140,0x0000000745580000)
 Metaspace       used 8444K, capacity 8546K, committed 8704K, reserved 1056768K
  class space    used 963K, capacity 1013K, committed 1024K, reserved 1048576K
}
Event: 2.504 GC heap before
{Heap before GC invocations=11 (full 0):
 PSYoungGen      total 432640K, used 425568K [0x0000000795580000, 0x00000007b0300000, 0x00000007c0000000)
  eden space 425472K, 100% used [0x0000000795580000,0x00000007af500000,0x00000007af500000)
  from space 7168K, 1% used [0x00000007afc00000,0x00000007afc18000,0x00000007b0300000)
  to   space 7168K, 0% used [0x00000007af500000,0x00000007af500000,0x00000007afc00000)
 ParOldGen       total 87552K, used 4556K [0x0000000740000000, 0x0000000745580000, 0x0000000795580000)
  object space 87552K, 5% used [0x0000000740000000,0x0000000740473140,0x0000000745580000)
 Metaspace       used 8444K, capacity 8546K, committed 8704K, reserved 1056768K
  class space    used 963K, capacity 1013K, committed 1024K, reserved 1048576K
Event: 2.505 GC heap after
Heap after GC invocations=11 (full 0):
 PSYoungGen      total 432640K, used 96K [0x0000000795580000, 0x00000007bfc80000, 0x00000007c0000000)
  eden space 425472K, 0% used [0x0000000795580000,0x0000000795580000,0x00000007af500000)
  from space 7168K, 1% used [0x00000007af500000,0x00000007af518000,0x00000007afc00000)
  to   space 7168K, 0% used [0x00000007bf580000,0x00000007bf580000,0x00000007bfc80000)
 ParOldGen       total 87552K, used 4572K [0x0000000740000000, 0x0000000745580000, 0x0000000795580000)
  object space 87552K, 5% used [0x0000000740000000,0x0000000740477140,0x0000000745580000)
 Metaspace       used 8444K, capacity 8546K, committed 8704K, reserved 1056768K
  class space    used 963K, capacity 1013K, committed 1024K, reserved 1048576K
}
Event: 2.895 GC heap before
{Heap before GC invocations=12 (full 0):
 PSYoungGen      total 432640K, used 425568K [0x0000000795580000, 0x00000007bfc80000, 0x00000007c0000000)
  eden space 425472K, 100% used [0x0000000795580000,0x00000007af500000,0x00000007af500000)
  from space 7168K, 1% used [0x00000007af500000,0x00000007af518000,0x00000007afc00000)
  to   space 7168K, 0% used [0x00000007bf580000,0x00000007bf580000,0x00000007bfc80000)
 ParOldGen       total 87552K, used 4572K [0x0000000740000000, 0x0000000745580000, 0x0000000795580000)
  object space 87552K, 5% used [0x0000000740000000,0x0000000740477140,0x0000000745580000)
 Metaspace       used 8444K, capacity 8546K, committed 8704K, reserved 1056768K
  class space    used 963K, capacity 1013K, committed 1024K, reserved 1048576K
Event: 2.896 GC heap after
Heap after GC invocations=12 (full 0):
 PSYoungGen      total 688128K, used 96K [0x0000000795580000, 0x00000007bfc80000, 0x00000007c0000000)
  eden space 680960K, 0% used [0x0000000795580000,0x0000000795580000,0x00000007bee80000)
  from space 7168K, 1% used [0x00000007bf580000,0x00000007bf598000,0x00000007bfc80000)
  to   space 7168K, 0% used [0x00000007bee80000,0x00000007bee80000,0x00000007bf580000)
 ParOldGen       total 87552K, used 4588K [0x0000000740000000, 0x0000000745580000, 0x0000000795580000)
  object space 87552K, 5% used [0x0000000740000000,0x000000074047b140,0x0000000745580000)
 Metaspace       used 8444K, capacity 8546K, committed 8704K, reserved 1056768K
  class space    used 963K, capacity 1013K, committed 1024K, reserved 1048576K
}
Event: 3.650 GC heap before
{Heap before GC invocations=13 (full 0):
 PSYoungGen      total 688128K, used 681056K [0x0000000795580000, 0x00000007bfc80000, 0x00000007c0000000)
  eden space 680960K, 100% used [0x0000000795580000,0x00000007bee80000,0x00000007bee80000)
  from space 7168K, 1% used [0x00000007bf580000,0x00000007bf598000,0x00000007bfc80000)
  to   space 7168K, 0% used [0x00000007bee80000,0x00000007bee80000,0x00000007bf580000)
 ParOldGen       total 87552K, used 4588K [0x0000000740000000, 0x0000000745580000, 0x0000000795580000)
  object space 87552K, 5% used [0x0000000740000000,0x000000074047b140,0x0000000745580000)
 Metaspace       used 8444K, capacity 8546K, committed 8704K, reserved 1056768K
  class space    used 963K, capacity 1013K, committed 1024K, reserved 1048576K
Event: 3.651 GC heap after
Heap after GC invocations=13 (full 0):
 PSYoungGen      total 688128K, used 96K [0x0000000795580000, 0x00000007c0000000, 0x00000007c0000000)
  eden space 680960K, 0% used [0x0000000795580000,0x0000000795580000,0x00000007bee80000)
  from space 7168K, 1% used [0x00000007bee80000,0x00000007bee98000,0x00000007bf580000)
  to   space 7168K, 0% used [0x00000007bf900000,0x00000007bf900000,0x00000007c0000000)
 ParOldGen       total 87552K, used 4604K [0x0000000740000000, 0x0000000745580000, 0x0000000795580000)
  object space 87552K, 5% used [0x0000000740000000,0x000000074047f140,0x0000000745580000)
 Metaspace       used 8444K, capacity 8546K, committed 8704K, reserved 1056768K
  class space    used 963K, capacity 1013K, committed 1024K, reserved 1048576K
}
Event: 4.270 GC heap before
{Heap before GC invocations=14 (full 0):
 PSYoungGen      total 688128K, used 681056K [0x0000000795580000, 0x00000007c0000000, 0x00000007c0000000)
  eden space 680960K, 100% used [0x0000000795580000,0x00000007bee80000,0x00000007bee80000)
  from space 7168K, 1% used [0x00000007bee80000,0x00000007bee98000,0x00000007bf580000)
  to   space 7168K, 0% used [0x00000007bf900000,0x00000007bf900000,0x00000007c0000000)
 ParOldGen       total 87552K, used 4604K [0x0000000740000000, 0x0000000745580000, 0x0000000795580000)
  object space 87552K, 5% used [0x0000000740000000,0x000000074047f140,0x0000000745580000)
 Metaspace       used 8444K, capacity 8546K, committed 8704K, reserved 1056768K
  class space    used 963K, capacity 1013K, committed 1024K, reserved 1048576K
Event: 4.271 GC heap after
Heap after GC invocations=14 (full 0):
 PSYoungGen      total 649216K, used 96K [0x0000000795580000, 0x00000007bf980000, 0x00000007c0000000)
  eden space 648704K, 0% used [0x0000000795580000,0x0000000795580000,0x00000007bcf00000)
  from space 512K, 18% used [0x00000007bf900000,0x00000007bf918000,0x00000007bf980000)
  to   space 7168K, 0% used [0x00000007beb80000,0x00000007beb80000,0x00000007bf280000)
 ParOldGen       total 87552K, used 4620K [0x0000000740000000, 0x0000000745580000, 0x0000000795580000)
  object space 87552K, 5% used [0x0000000740000000,0x0000000740483140,0x0000000745580000)
 Metaspace       used 8444K, capacity 8546K, committed 8704K, reserved 1056768K
  class space    used 963K, capacity 1013K, committed 1024K, reserved 1048576K
}

